100%|█████████████████████████████████████████████████████████████████████████████████████████████████| 24175/24175 [2:10:01<00:00,  3.10it/s]
colossalai - train_bert - 2022-04-29 18:46:39,074 INFO: Epoch : 0 - train loss : 0.45129 - test loss : 1.04388 - acc : 0.47752
              precision    recall  f1-score   support

           0       0.56      0.79      0.66     15912
           1       0.41      0.55      0.47     10485
           2       0.41      0.39      0.40     10971
           3       0.31      0.04      0.08     10980

    accuracy                           0.48     48348
   macro avg       0.42      0.44      0.40     48348
weighted avg       0.44      0.48      0.43     48348

100%|█████████████████████████████████████████████████████████████████████████████████████████████████| 24175/24175 [1:59:50<00:00,  3.36it/s]
colossalai - train_bert - 2022-04-29 20:55:33,764 INFO: Epoch : 1 - train loss : 0.63672 - test loss : 0.95819 - acc : 0.5019
              precision    recall  f1-score   support

           0       0.62      0.77      0.69     15912
           1       0.52      0.43      0.47     10485
           2       0.36      0.60      0.45     10971
           3       0.47      0.09      0.15     10980

    accuracy                           0.50     48348
   macro avg       0.50      0.47      0.44     48348
weighted avg       0.51      0.50      0.47     48348

100%|█████████████████████████████████████████████████████████████████████████████████████████████████| 24175/24175 [1:59:35<00:00,  3.37it/s]
colossalai - train_bert - 2022-04-29 23:04:12,474 INFO: Epoch : 2 - train loss : 0.90503 - test loss : 0.73395 - acc : 0.51921
              precision    recall  f1-score   support

           0       0.65      0.78      0.71     15912
           1       0.60      0.40      0.48     10485
           2       0.43      0.35      0.38     10971
           3       0.35      0.42      0.38     10980

    accuracy                           0.52     48348
   macro avg       0.51      0.49      0.49     48348
weighted avg       0.52      0.52      0.51     48348